<?xml version="1.0" encoding="utf-8"?><testsuites name="pytest tests"><testsuite name="pytest" errors="0" failures="0" skipped="0" tests="20" time="4.029" timestamp="2026-09-15T18:41:40.487818+00:00" hostname="agent-env-b54c68de-3f7c-4b31-99e8-a1833078d319"><testcase classname="tests.test_marketplace_api" name="test_catalogue_has_seeded_properties" time="0.238" /><testcase classname="tests.test_marketplace_api" name="test_catalogue_filtering_and_sorting" time="0.075" /><testcase classname="tests.test_marketplace_api" name="test_catalogue_rejects_invalid_date_ranges" time="0.072" /><testcase classname="tests.test_marketplace_api" name="test_property_detail_omits_private_fields" time="0.070" /><testcase classname="tests.test_marketplace_api" name="test_quote_clamp_formula_and_service_math" time="0.078" /><testcase classname="tests.test_marketplace_api" name="test_quote_rejects_unavailable_dates" time="0.190" /><testcase classname="tests.test_marketplace_api" name="test_checkout_is_intentionally_disabled" time="0.073" /><testcase classname="tests.test_marketplace_api" name="test_anonymous_workspace_access_denied" time="0.071" /><testcase classname="tests.test_marketplace_api" name="test_manager_cannot_access_platform_routes" time="0.375" /><testcase classname="tests.test_marketplace_api" name="test_manager_foreign_agency_header_is_denied" time="0.064" /><testcase classname="tests.test_marketplace_api" name="test_owner_read_all_agencies_and_write_requires_scope" time="0.426" /><testcase classname="tests.test_marketplace_api" name="test_forbidden_extra_fields_rejected" time="0.067" /><testcase classname="tests.test_marketplace_api" name="test_block_overlap_rejected_and_cleanup" time="0.234" /><testcase classname="tests.test_marketplace_api" name="test_cron_requires_auth_and_valid_payload" time="0.133" /><testcase classname="tests.test_marketplace_api" name="test_cron_accepts_and_is_idempotent" time="0.138" /><testcase classname="tests.test_marketplace_api" name="test_disabling_agency_hides_its_public_listings" time="0.204" /><testcase classname="tests.test_marketplace_api" name="test_disabled_manager_token_denied_until_reenabled" time="0.216" /><testcase classname="tests.test_marketplace_api" name="test_upload_rejects_unsupported_content_type" time="0.160" /><testcase classname="tests.test_marketplace_api" name="test_uploaded_draft_photo_private_then_agency_accessible" time="0.663" /><testcase classname="tests.test_marketplace_api" name="test_workspace_csv_exports_return_csv" time="0.147" /></testsuite></testsuites>